<?xml version="1.0" encoding="UTF-8"?>
<testsuite xmlns:xsi="http://www.w3.org/2001/XMLSchema-instance" xsi:noNamespaceSchemaLocation="https://maven.apache.org/surefire/maven-surefire-plugin/xsd/surefire-test-report-3.0.xsd" version="3.0" name="vit.adda.johncena.paint.paintapplication.RectangleTest" time="0.017" tests="4" errors="0" skipped="0" failures="0">
  <properties>
[...]
</properties>
  <testcase name="testErase" classname="vit.adda.johncena.paint.paintapplication.RectangleTest" time="0.003">
    <system-out><![CDATA[Erasing the rectangle.
]]></system-out>
  </testcase>
  <testcase name="testArea" classname="vit.adda.johncena.paint.paintapplication.RectangleTest" time="0.001"/>
  <testcase name="testDraw" classname="vit.adda.johncena.paint.paintapplication.RectangleTest" time="0.002">
    <system-out><![CDATA[Drawing a rectangle.
]]></system-out>
  </testcase>
  <testcase name="testMove" classname="vit.adda.johncena.paint.paintapplication.RectangleTest" time="0.005">
    <system-out><![CDATA[Shape moved.
]]></system-out>
  </testcase>
</testsuite>